<?xml version="1.0" encoding="UTF-8"?>
<testsuite xmlns:xsi="http://www.w3.org/2001/XMLSchema-instance" xsi:noNamespaceSchemaLocation="https://maven.apache.org/surefire/maven-surefire-plugin/xsd/surefire-test-report-3.0.xsd" version="3.0" name="com.sp.sudoku.SudokuTest" time="1.129" tests="2" errors="0" skipped="0" failures="0">
  <properties>
    <property name="sun.desktop" value="gnome"/>
    <property name="awt.toolkit" value="sun.awt.X11.XToolkit"/>
    <property name="file.encoding.pkg" value="sun.io"/>
    <property name="java.specification.version" value="1.8"/>
    <property name="sun.cpu.isalist" value=""/>
    <property name="sun.jnu.encoding" value="UTF-8"/>
    <property name="java.class.path" value="/home/spournar/personal_projects/sudoku/target/test-classes:/home/spournar/personal_projects/sudoku/target/classes:/home/spournar/.m2/repository/com/opencsv/opencsv/4.5/opencsv-4.5.jar:/home/spournar/.m2/repository/org/apache/commons/commons-lang3/3.8.1/commons-lang3-3.8.1.jar:/home/spournar/.m2/repository/org/apache/commons/commons-text/1.3/commons-text-1.3.jar:/home/spournar/.m2/repository/commons-beanutils/commons-beanutils/1.9.3/commons-beanutils-1.9.3.jar:/home/spournar/.m2/repository/commons-logging/commons-logging/1.2/commons-logging-1.2.jar:/home/spournar/.m2/repository/commons-collections/commons-collections/3.2.2/commons-collections-3.2.2.jar:/home/spournar/.m2/repository/org/apache/commons/commons-collections4/4.2/commons-collections4-4.2.jar:/home/spournar/.m2/repository/junit/junit/4.12/junit-4.12.jar:/home/spournar/.m2/repository/org/hamcrest/hamcrest-core/1.3/hamcrest-core-1.3.jar:/home/spournar/.m2/repository/org/mockito/mockito-core/2.27.0/mockito-core-2.27.0.jar:/home/spournar/.m2/repository/net/bytebuddy/byte-buddy/1.9.10/byte-buddy-1.9.10.jar:/home/spournar/.m2/repository/net/bytebuddy/byte-buddy-agent/1.9.10/byte-buddy-agent-1.9.10.jar:/home/spournar/.m2/repository/org/objenesis/objenesis/2.6/objenesis-2.6.jar:/home/spournar/.m2/repository/com/github/stefanbirkner/system-rules/1.19.0/system-rules-1.19.0.jar:"/>
    <property name="java.vm.vendor" value="Oracle Corporation"/>
    <property name="sun.arch.data.model" value="64"/>
    <property name="java.vendor.url" value="http://java.oracle.com/"/>
    <property name="user.timezone" value=""/>
    <property name="java.vm.specification.version" value="1.8"/>
    <property name="os.name" value="Linux"/>
    <property name="user.country" value="US"/>
    <property name="sun.java.launcher" value="SUN_STANDARD"/>
    <property name="sun.boot.library.path" value="/opt/jdk1.8.0_111/jre/lib/amd64"/>
    <property name="sun.java.command" value="/home/spournar/personal_projects/sudoku/target/surefire/surefirebooter6590712932330607803.jar /home/spournar/personal_projects/sudoku/target/surefire 2019-05-01T10-39-56_851-jvmRun1 surefire5868860571006060909tmp surefire_09080619141887880135tmp"/>
    <property name="surefire.test.class.path" value="/home/spournar/personal_projects/sudoku/target/test-classes:/home/spournar/personal_projects/sudoku/target/classes:/home/spournar/.m2/repository/com/opencsv/opencsv/4.5/opencsv-4.5.jar:/home/spournar/.m2/repository/org/apache/commons/commons-lang3/3.8.1/commons-lang3-3.8.1.jar:/home/spournar/.m2/repository/org/apache/commons/commons-text/1.3/commons-text-1.3.jar:/home/spournar/.m2/repository/commons-beanutils/commons-beanutils/1.9.3/commons-beanutils-1.9.3.jar:/home/spournar/.m2/repository/commons-logging/commons-logging/1.2/commons-logging-1.2.jar:/home/spournar/.m2/repository/commons-collections/commons-collections/3.2.2/commons-collections-3.2.2.jar:/home/spournar/.m2/repository/org/apache/commons/commons-collections4/4.2/commons-collections4-4.2.jar:/home/spournar/.m2/repository/junit/junit/4.12/junit-4.12.jar:/home/spournar/.m2/repository/org/hamcrest/hamcrest-core/1.3/hamcrest-core-1.3.jar:/home/spournar/.m2/repository/org/mockito/mockito-core/2.27.0/mockito-core-2.27.0.jar:/home/spournar/.m2/repository/net/bytebuddy/byte-buddy/1.9.10/byte-buddy-1.9.10.jar:/home/spournar/.m2/repository/net/bytebuddy/byte-buddy-agent/1.9.10/byte-buddy-agent-1.9.10.jar:/home/spournar/.m2/repository/org/objenesis/objenesis/2.6/objenesis-2.6.jar:/home/spournar/.m2/repository/com/github/stefanbirkner/system-rules/1.19.0/system-rules-1.19.0.jar:"/>
    <property name="sun.cpu.endian" value="little"/>
    <property name="user.home" value="/home/spournar"/>
    <property name="user.language" value="en"/>
    <property name="java.specification.vendor" value="Oracle Corporation"/>
    <property name="java.home" value="/opt/jdk1.8.0_111/jre"/>
    <property name="basedir" value="/home/spournar/personal_projects/sudoku"/>
    <property name="file.separator" value="/"/>
    <property name="line.separator" value="&#10;"/>
    <property name="java.vm.specification.vendor" value="Oracle Corporation"/>
    <property name="java.specification.name" value="Java Platform API Specification"/>
    <property name="java.awt.graphicsenv" value="sun.awt.X11GraphicsEnvironment"/>
    <property name="surefire.real.class.path" value="/home/spournar/personal_projects/sudoku/target/surefire/surefirebooter6590712932330607803.jar:/home/spournar/.m2/repository/org/jacoco/org.jacoco.agent/0.8.3/org.jacoco.agent-0.8.3-runtime.jar"/>
    <property name="sun.boot.class.path" value="/opt/jdk1.8.0_111/jre/lib/resources.jar:/opt/jdk1.8.0_111/jre/lib/rt.jar:/opt/jdk1.8.0_111/jre/lib/sunrsasign.jar:/opt/jdk1.8.0_111/jre/lib/jsse.jar:/opt/jdk1.8.0_111/jre/lib/jce.jar:/opt/jdk1.8.0_111/jre/lib/charsets.jar:/opt/jdk1.8.0_111/jre/lib/jfr.jar:/opt/jdk1.8.0_111/jre/classes"/>
    <property name="sun.management.compiler" value="HotSpot 64-Bit Tiered Compilers"/>
    <property name="java.runtime.version" value="1.8.0_111-b14"/>
    <property name="user.name" value="spournar"/>
    <property name="path.separator" value=":"/>
    <property name="os.version" value="4.4.0-132-generic"/>
    <property name="java.endorsed.dirs" value="/opt/jdk1.8.0_111/jre/lib/endorsed"/>
    <property name="java.runtime.name" value="Java(TM) SE Runtime Environment"/>
    <property name="file.encoding" value="UTF-8"/>
    <property name="java.vm.name" value="Java HotSpot(TM) 64-Bit Server VM"/>
    <property name="localRepository" value="/home/spournar/.m2/repository"/>
    <property name="java.vendor.url.bug" value="http://bugreport.sun.com/bugreport/"/>
    <property name="java.io.tmpdir" value="/tmp"/>
    <property name="java.version" value="1.8.0_111"/>
    <property name="user.dir" value="/home/spournar/personal_projects/sudoku"/>
    <property name="os.arch" value="amd64"/>
    <property name="java.vm.specification.name" value="Java Virtual Machine Specification"/>
    <property name="java.awt.printerjob" value="sun.print.PSPrinterJob"/>
    <property name="sun.os.patch.level" value="unknown"/>
    <property name="java.library.path" value="/opt/IBM/informix/lib:/opt/IBM/informix/lib/esql:/usr/java/packages/lib/amd64:/usr/lib64:/lib64:/lib:/usr/lib"/>
    <property name="java.vm.info" value="mixed mode"/>
    <property name="java.vendor" value="Oracle Corporation"/>
    <property name="java.vm.version" value="25.111-b14"/>
    <property name="java.ext.dirs" value="/opt/jdk1.8.0_111/jre/lib/ext:/usr/java/packages/lib/ext"/>
    <property name="sun.io.unicode.encoding" value="UnicodeLittle"/>
    <property name="java.class.version" value="52.0"/>
  </properties>
  <testcase name="givenSudoku_whenValidateAndValidatorThrowsException_thenFirstValidatorCalledAndReturn0" classname="com.sp.sudoku.SudokuTest" time="1.121"/>
  <testcase name="givenSudoku_whenValidate_thenValidatorsGetCalledOnceAndInSequence" classname="com.sp.sudoku.SudokuTest" time="0.003"/>
</testsuite>